Using pre-set license
Built from '2020.3/staging' branch; Version is '2020.3.22f1 (e1a7f79fd887) revision 14788599'; Using compiler version '192528614'; Build Type 'Release'
OS: 'Windows 10 Home; OS build 19043.1288; Version 2009; 64bit' Language: 'en' Physical Memory: 12187 MB
BatchMode: 1, IsHumanControllingUs: 0, StartBugReporterOnCrash: 0, Is64bit: 1, IsPro: 0

COMMAND LINE ARGUMENTS:
C:\Program Files\Unity\Hub\Editor\2020.3.22f1\Editor\Unity.exe
-adb2
-batchMode
-noUpm
-name
AssetImportWorker0
-projectPath
C:/Users/hamza/OneDrive/Documents/Projects/Assignment 3/Flickering_Hope
-logFile
Logs/AssetImportWorker0.log
-srvPort
59282
Successfully changed project path to: C:/Users/hamza/OneDrive/Documents/Projects/Assignment 3/Flickering_Hope
C:/Users/hamza/OneDrive/Documents/Projects/Assignment 3/Flickering_Hope
Using Asset Import Pipeline V2.
Refreshing native plugins compatible for Editor in 103.64 ms, found 3 plugins.
Preloading 0 native plugins for Editor in 0.00 ms.
Initialize engine version: 2020.3.22f1 (e1a7f79fd887)
[Subsystems] Discovering subsystems at path C:/Program Files/Unity/Hub/Editor/2020.3.22f1/Editor/Data/Resources/UnitySubsystems
[Subsystems] Discovering subsystems at path C:/Users/hamza/OneDrive/Documents/Projects/Assignment 3/Flickering_Hope/Assets
GfxDevice: creating device client; threaded=0
Direct3D:
    Version:  Direct3D 11.0 [level 11.1]
    Renderer: NVIDIA GeForce GTX 1060 6GB (ID=0x1c03)
    Vendor:   
    VRAM:     6052 MB
    Driver:   27.21.14.5671
Initialize mono
Mono path[0] = 'C:/Program Files/Unity/Hub/Editor/2020.3.22f1/Editor/Data/Managed'
Mono path[1] = 'C:/Program Files/Unity/Hub/Editor/2020.3.22f1/Editor/Data/MonoBleedingEdge/lib/mono/unityjit'
Mono config path = 'C:/Program Files/Unity/Hub/Editor/2020.3.22f1/Editor/Data/MonoBleedingEdge/etc'
Using monoOptions --debugger-agent=transport=dt_socket,embedding=1,server=y,suspend=n,address=127.0.0.1:56284
Begin MonoManager ReloadAssembly
Registering precompiled unity dll's ...
Register platform support module: C:/Program Files/Unity/Hub/Editor/2020.3.22f1/Editor/Data/PlaybackEngines/WebGLSupport/UnityEditor.WebGL.Extensions.dll
Register platform support module: C:/Program Files/Unity/Hub/Editor/2020.3.22f1/Editor/Data/PlaybackEngines/MacStandaloneSupport/UnityEditor.OSXStandalone.Extensions.dll
Register platform support module: C:/Program Files/Unity/Hub/Editor/2020.3.22f1/Editor/Data/PlaybackEngines/WindowsStandaloneSupport/UnityEditor.WindowsStandalone.Extensions.dll
Register platform support module: C:/Program Files/Unity/Hub/Editor/2020.3.22f1/Editor/Data/PlaybackEngines/LinuxStandaloneSupport/UnityEditor.LinuxStandalone.Extensions.dll
Register platform support module: C:/Program Files/Unity/Hub/Editor/2020.3.22f1/Editor/Data/PlaybackEngines/LuminSupport/UnityEditor.Lumin.Extensions.dll
Registered in 0.014254 seconds.
Native extension for Lumin target not found
Native extension for LinuxStandalone target not found
Native extension for WindowsStandalone target not found
Native extension for OSXStandalone target not found
Native extension for WebGL target not found
Refreshing native plugins compatible for Editor in 82.61 ms, found 3 plugins.
Preloading 0 native plugins for Editor in 0.00 ms.
Mono: successfully reloaded assembly
- Completed reload, in  8.915 seconds
Domain Reload Profiling:
	ReloadAssembly (8915ms)
		BeginReloadAssembly (326ms)
			ExecutionOrderSort (0ms)
			DisableScriptedObjects (0ms)
			BackupInstance (0ms)
			ReleaseScriptingObjects (0ms)
			CreateAndSetChildDomain (1ms)
		EndReloadAssembly (853ms)
			LoadAssemblies (322ms)
			RebuildTransferFunctionScriptingTraits (0ms)
			SetupTypeCache (284ms)
			ReleaseScriptCaches (0ms)
			RebuildScriptCaches (44ms)
			SetupLoadedEditorAssemblies (307ms)
				LogAssemblyErrors (0ms)
				InitializePlatformSupportModulesInManaged (10ms)
				SetLoadedEditorAssemblies (0ms)
				RefreshPlugins (83ms)
				BeforeProcessingInitializeOnLoad (14ms)
				ProcessInitializeOnLoadAttributes (154ms)
				ProcessInitializeOnLoadMethodAttributes (45ms)
				AfterProcessingInitializeOnLoad (0ms)
				EditorAssembliesLoaded (0ms)
			ExecutionOrderSort2 (0ms)
			AwakeInstancesAfterBackupRestoration (0ms)
Platform modules already initialized, skipping
Registering precompiled user dll's ...
Registered in 0.044413 seconds.
Begin MonoManager ReloadAssembly
Native extension for Lumin target not found
Native extension for LinuxStandalone target not found
Native extension for WindowsStandalone target not found
Native extension for OSXStandalone target not found
Native extension for WebGL target not found
Refreshing native plugins compatible for Editor in 93.43 ms, found 3 plugins.
Preloading 0 native plugins for Editor in 0.00 ms.
Mono: successfully reloaded assembly
- Completed reload, in  3.030 seconds
Domain Reload Profiling:
	ReloadAssembly (3031ms)
		BeginReloadAssembly (347ms)
			ExecutionOrderSort (0ms)
			DisableScriptedObjects (11ms)
			BackupInstance (0ms)
			ReleaseScriptingObjects (0ms)
			CreateAndSetChildDomain (36ms)
		EndReloadAssembly (2428ms)
			LoadAssemblies (481ms)
			RebuildTransferFunctionScriptingTraits (0ms)
			SetupTypeCache (953ms)
			ReleaseScriptCaches (1ms)
			RebuildScriptCaches (106ms)
			SetupLoadedEditorAssemblies (658ms)
				LogAssemblyErrors (0ms)
				InitializePlatformSupportModulesInManaged (11ms)
				SetLoadedEditorAssemblies (0ms)
				RefreshPlugins (94ms)
				BeforeProcessingInitializeOnLoad (118ms)
				ProcessInitializeOnLoadAttributes (391ms)
				ProcessInitializeOnLoadMethodAttributes (35ms)
				AfterProcessingInitializeOnLoad (10ms)
				EditorAssembliesLoaded (0ms)
			ExecutionOrderSort2 (0ms)
			AwakeInstancesAfterBackupRestoration (15ms)
Platform modules already initialized, skipping
========================================================================
Worker process is ready to serve import requests
Launched and connected shader compiler UnityShaderCompiler.exe after 0.18 seconds
Refreshing native plugins compatible for Editor in 1.20 ms, found 3 plugins.
Preloading 0 native plugins for Editor in 0.00 ms.
Unloading 2502 Unused Serialized files (Serialized files now loaded: 0)
System memory in use before: 107.4 MB.
System memory in use after: 107.6 MB.

Unloading 30 unused Assets to reduce memory usage. Loaded Objects now: 2937.
Total: 4.338800 ms (FindLiveObjects: 0.256700 ms CreateObjectMapping: 0.142200 ms MarkObjects: 3.851400 ms  DeleteObjects: 0.087100 ms)

AssetImportParameters requested are different than current active one (requested -> active):
  custom:framework-win-MediaFoundation: 216162199b28c13a410421893ffa2e32 -> 
  custom:video-decoder-ogg-theora: a1e56fd34408186e4bbccfd4996cb3dc -> 
  custom:container-muxer-webm: aa71ff27fc2769a1b78a27578f13a17b -> 
  custom:container-demuxer-webm: 4f35f7cbe854078d1ac9338744f61a02 -> 
  custom:container-demuxer-ogg: 62fdf1f143b41e24485cea50d1cbac27 -> 
  custom:video-encoder-webm-vp8: eb34c28f22e8b96e1ab97ce403110664 -> 
  custom:video-decoder-webm-vp8: 9c59270c3fd7afecdb556c50c9e8de78 -> 
  custom:audio-decoder-ogg-vorbis: bf7c407c2cedff20999df2af8eb42d56 -> 
  custom:audio-encoder-webm-vorbis: bf7c407c2cedff20999df2af8eb42d56 -> 
========================================================================
Received Import Request.
  path: Assets/Tiles/tile_0001.asset
  artifactKey: Guid(5c418cf9b3be793438c8e3e95c6e32a2) Importer(815301076,1909f56bfc062723c751e8b465ee728b)
Start importing Assets/Tiles/tile_0001.asset using Guid(5c418cf9b3be793438c8e3e95c6e32a2) Importer(815301076,1909f56bfc062723c751e8b465ee728b)  -> (artifact id: 'ab5e3ff8fd45a502d83cc1e634503dcf') in 0.209357 seconds 
  Import took 0.220578 seconds .

========================================================================
Received Import Request.
  Time since last request: 0.000586 seconds.
  path: Assets/Tiles/tile_0004.asset
  artifactKey: Guid(3ddf1f2d96df79a4a8dc7203972789db) Importer(815301076,1909f56bfc062723c751e8b465ee728b)
Start importing Assets/Tiles/tile_0004.asset using Guid(3ddf1f2d96df79a4a8dc7203972789db) Importer(815301076,1909f56bfc062723c751e8b465ee728b)  -> (artifact id: '6d184d1060abc747d5d34f4ebf726efa') in 0.040176 seconds 
  Import took 0.047806 seconds .

========================================================================
Received Import Request.
  Time since last request: 0.000197 seconds.
  path: Assets/Tiles/tile_0003.png
  artifactKey: Guid(a0981405a75fe3344b9f2665fb19c85d) Importer(815301076,1909f56bfc062723c751e8b465ee728b)
Start importing Assets/Tiles/tile_0003.png using Guid(a0981405a75fe3344b9f2665fb19c85d) Importer(815301076,1909f56bfc062723c751e8b465ee728b)  -> (artifact id: '98aa0677da15f80e226d65a5893d4828') in 0.185567 seconds 
  Import took 0.193019 seconds .

========================================================================
Received Import Request.
  Time since last request: 0.000202 seconds.
  path: Assets/Tiles/tile_0007.asset
  artifactKey: Guid(9ce1f17cf1fea28419732fa72b5bbd9f) Importer(815301076,1909f56bfc062723c751e8b465ee728b)
Start importing Assets/Tiles/tile_0007.asset using Guid(9ce1f17cf1fea28419732fa72b5bbd9f) Importer(815301076,1909f56bfc062723c751e8b465ee728b)  -> (artifact id: 'f7d5f7950712fd2ffdab9926f72a36d0') in 0.027061 seconds 
  Import took 0.034833 seconds .

========================================================================
Received Import Request.
  Time since last request: 0.000224 seconds.
  path: Assets/Tiles/tile_0000.asset
  artifactKey: Guid(363ae70907488394183707681f2fba52) Importer(815301076,1909f56bfc062723c751e8b465ee728b)
Start importing Assets/Tiles/tile_0000.asset using Guid(363ae70907488394183707681f2fba52) Importer(815301076,1909f56bfc062723c751e8b465ee728b)  -> (artifact id: '11eae62a7b1e40c0f5aba1efa599c980') in 0.035513 seconds 
  Import took 0.044850 seconds .

========================================================================
Received Import Request.
  Time since last request: 0.000213 seconds.
  path: Assets/Tiles/tile_0001.png
  artifactKey: Guid(04f7f1e0022412e4f908201c040ca52e) Importer(815301076,1909f56bfc062723c751e8b465ee728b)
Start importing Assets/Tiles/tile_0001.png using Guid(04f7f1e0022412e4f908201c040ca52e) Importer(815301076,1909f56bfc062723c751e8b465ee728b)  -> (artifact id: '42f08b4ffcdc6a969508e378c31d81b8') in 0.027182 seconds 
  Import took 0.033666 seconds .

========================================================================
Received Import Request.
  Time since last request: 0.000574 seconds.
  path: Assets/Tiles/Palette.prefab
  artifactKey: Guid(d9544f2808dd9924ea7eef4016148c7a) Importer(815301076,1909f56bfc062723c751e8b465ee728b)
Start importing Assets/Tiles/Palette.prefab using Guid(d9544f2808dd9924ea7eef4016148c7a) Importer(815301076,1909f56bfc062723c751e8b465ee728b)  -> (artifact id: 'e25e64985477929c938f3f5b1825ec2c') in 0.522701 seconds 
  Import took 0.538822 seconds .

========================================================================
Received Import Request.
  Time since last request: 0.000670 seconds.
  path: Assets/Tiles/tile_0005.png
  artifactKey: Guid(db5685840c3c6324284c7121abf8c5e2) Importer(815301076,1909f56bfc062723c751e8b465ee728b)
Start importing Assets/Tiles/tile_0005.png using Guid(db5685840c3c6324284c7121abf8c5e2) Importer(815301076,1909f56bfc062723c751e8b465ee728b)  -> (artifact id: 'be2941e43203a506c6d7479c3f8b2e7c') in 0.027714 seconds 
  Import took 0.033398 seconds .

========================================================================
Received Import Request.
  Time since last request: 0.001792 seconds.
  path: Assets/Tiles/tile_0000.png
  artifactKey: Guid(bfb47fb4099cc4145a45405ad70d8f55) Importer(815301076,1909f56bfc062723c751e8b465ee728b)
Start importing Assets/Tiles/tile_0000.png using Guid(bfb47fb4099cc4145a45405ad70d8f55) Importer(815301076,1909f56bfc062723c751e8b465ee728b)  -> (artifact id: '8a6f9a4cc157bddfabd908a19f9b0490') in 0.029416 seconds 
  Import took 0.037654 seconds .

========================================================================
Received Import Request.
  Time since last request: 0.000283 seconds.
  path: Assets/kenny_pixelplatform/Tilemap/tiles.png
  artifactKey: Guid(13c1217d91ff5004fa472a69d7524c49) Importer(815301076,1909f56bfc062723c751e8b465ee728b)
Start importing Assets/kenny_pixelplatform/Tilemap/tiles.png using Guid(13c1217d91ff5004fa472a69d7524c49) Importer(815301076,1909f56bfc062723c751e8b465ee728b)  -> (artifact id: 'e3adab65e3dea6112aaba5c4b8a30af9') in 0.047862 seconds 
  Import took 0.058086 seconds .

========================================================================
Received Import Request.
  Time since last request: 0.002943 seconds.
  path: Assets/Tiles/tile_0006.png
  artifactKey: Guid(6f94b614e4ed0a548bc9d76328de2a3c) Importer(815301076,1909f56bfc062723c751e8b465ee728b)
Start importing Assets/Tiles/tile_0006.png using Guid(6f94b614e4ed0a548bc9d76328de2a3c) Importer(815301076,1909f56bfc062723c751e8b465ee728b)  -> (artifact id: '5b5b89b6bf88a35946365c2bf96f0eb2') in 0.040739 seconds 
  Import took 0.051511 seconds .

========================================================================
Received Import Request.
  Time since last request: 0.006410 seconds.
  path: Assets/kenny_pixelplatform/Tilemap/characters.png
  artifactKey: Guid(728ced1d201824d42bea6f58c49acd8c) Importer(815301076,1909f56bfc062723c751e8b465ee728b)
Start importing Assets/kenny_pixelplatform/Tilemap/characters.png using Guid(728ced1d201824d42bea6f58c49acd8c) Importer(815301076,1909f56bfc062723c751e8b465ee728b)  -> (artifact id: 'cac5feb44d24752c677d2c289334058c') in 0.061137 seconds 
  Import took 0.093550 seconds .

========================================================================
Received Import Request.
  Time since last request: 0.000739 seconds.
  path: Assets/Tiles/tile_0002.asset
  artifactKey: Guid(c08dc3188bf04c74bbe31b9dc33bae69) Importer(815301076,1909f56bfc062723c751e8b465ee728b)
Start importing Assets/Tiles/tile_0002.asset using Guid(c08dc3188bf04c74bbe31b9dc33bae69) Importer(815301076,1909f56bfc062723c751e8b465ee728b)  -> (artifact id: 'bed7116f99353ab69bf5843775fd76e5') in 0.057012 seconds 
  Import took 0.069619 seconds .

========================================================================
Received Import Request.
  Time since last request: 0.006487 seconds.
  path: Assets/kenny_pixelplatform/Tilemap/tiles_packed.png
  artifactKey: Guid(5bee11b0fc6e92a4da22699f7db2d076) Importer(815301076,1909f56bfc062723c751e8b465ee728b)
Start importing Assets/kenny_pixelplatform/Tilemap/tiles_packed.png using Guid(5bee11b0fc6e92a4da22699f7db2d076) Importer(815301076,1909f56bfc062723c751e8b465ee728b)  -> (artifact id: '3e3fdc3fae420d48e8d2fcc7b5d5fbb4') in 0.052759 seconds 
  Import took 0.072030 seconds .

========================================================================
Received Import Request.
  Time since last request: 0.001107 seconds.
  path: Assets/Tiles/tile_0005.asset
  artifactKey: Guid(bdcf492859b58a84999372482c58aaf8) Importer(815301076,1909f56bfc062723c751e8b465ee728b)
Start importing Assets/Tiles/tile_0005.asset using Guid(bdcf492859b58a84999372482c58aaf8) Importer(815301076,1909f56bfc062723c751e8b465ee728b)  -> (artifact id: 'fa903ffb246d6b538a99fad3fe812c7e') in 0.026017 seconds 
  Import took 0.034327 seconds .

========================================================================
Received Import Request.
  Time since last request: 0.000288 seconds.
  path: Assets/Tiles/tile_0004.png
  artifactKey: Guid(07b8d9984e3edf8488e554852b44385f) Importer(815301076,1909f56bfc062723c751e8b465ee728b)
Start importing Assets/Tiles/tile_0004.png using Guid(07b8d9984e3edf8488e554852b44385f) Importer(815301076,1909f56bfc062723c751e8b465ee728b)  -> (artifact id: '2da77a44e4c6e0a8a16442541408bda1') in 0.031390 seconds 
  Import took 0.043536 seconds .

========================================================================
Received Import Request.
  Time since last request: 0.000332 seconds.
  path: Assets/Tiles/tile_0006.asset
  artifactKey: Guid(b02ce32d82fbf734ca39f37ba8de998c) Importer(815301076,1909f56bfc062723c751e8b465ee728b)
Start importing Assets/Tiles/tile_0006.asset using Guid(b02ce32d82fbf734ca39f37ba8de998c) Importer(815301076,1909f56bfc062723c751e8b465ee728b)  -> (artifact id: '83f13c80d2535fa0473b470ca06150ed') in 0.027021 seconds 
  Import took 0.038968 seconds .

========================================================================
Received Import Request.
  Time since last request: 0.000328 seconds.
  path: Assets/Tiles
  artifactKey: Guid(17961e5c731604241886055a97823673) Importer(815301076,1909f56bfc062723c751e8b465ee728b)
Start importing Assets/Tiles using Guid(17961e5c731604241886055a97823673) Importer(815301076,1909f56bfc062723c751e8b465ee728b)  -> (artifact id: '100aa31f816deea378b4d49e26596886') in 0.015943 seconds 
  Import took 0.022527 seconds .

========================================================================
Received Import Request.
  Time since last request: 0.000408 seconds.
  path: Assets/Tiles/tile_0003.asset
  artifactKey: Guid(8e76c8c0084c1184a8aaea50071b2b96) Importer(815301076,1909f56bfc062723c751e8b465ee728b)
Start importing Assets/Tiles/tile_0003.asset using Guid(8e76c8c0084c1184a8aaea50071b2b96) Importer(815301076,1909f56bfc062723c751e8b465ee728b)  -> (artifact id: '41904e29db85c6d873b8d7b10cc61247') in 0.028744 seconds 
  Import took 0.037903 seconds .

========================================================================
Received Import Request.
  Time since last request: 0.000655 seconds.
  path: Assets/Tiles/tile_0002.png
  artifactKey: Guid(22c6245ab1e470948bc7c2c26a91064a) Importer(815301076,1909f56bfc062723c751e8b465ee728b)
Start importing Assets/Tiles/tile_0002.png using Guid(22c6245ab1e470948bc7c2c26a91064a) Importer(815301076,1909f56bfc062723c751e8b465ee728b)  -> (artifact id: '6a564e0d986771fd7fd613d88ac622cb') in 0.022469 seconds 
  Import took 0.031487 seconds .

========================================================================
Received Import Request.
  Time since last request: 0.002004 seconds.
  path: Assets/Tiles/Grass Rule Tile.asset
  artifactKey: Guid(6c4a3bde3bc459e4881f2cc31ddac1b0) Importer(815301076,1909f56bfc062723c751e8b465ee728b)
Start importing Assets/Tiles/Grass Rule Tile.asset using Guid(6c4a3bde3bc459e4881f2cc31ddac1b0) Importer(815301076,1909f56bfc062723c751e8b465ee728b)  -> (artifact id: '561a0d8ec98d1d43e4a5a4b84ca67403') in 0.046105 seconds 
  Import took 0.057650 seconds .

========================================================================
Received Import Request.
  Time since last request: 0.000316 seconds.
  path: Assets/kenny_pixelplatform/Tilemap/characters_packed.png
  artifactKey: Guid(7722b0dbf217ba341828353fb0411973) Importer(815301076,1909f56bfc062723c751e8b465ee728b)
Start importing Assets/kenny_pixelplatform/Tilemap/characters_packed.png using Guid(7722b0dbf217ba341828353fb0411973) Importer(815301076,1909f56bfc062723c751e8b465ee728b)  -> (artifact id: '6cb4642922117d155a1b3060e2c73e9c') in 0.040016 seconds 
  Import took 0.054880 seconds .

========================================================================
Received Import Request.
  Time since last request: 0.198777 seconds.
  path: Assets/kenny_pixelplatform/Preview.png
  artifactKey: Guid(8a6a1943f3bba8a41abd3eb52484e246) Importer(815301076,1909f56bfc062723c751e8b465ee728b)
Start importing Assets/kenny_pixelplatform/Preview.png using Guid(8a6a1943f3bba8a41abd3eb52484e246) Importer(815301076,1909f56bfc062723c751e8b465ee728b)  -> (artifact id: 'd7b16d962ecd59f81f886799377ede90') in 0.051433 seconds 
  Import took 0.056554 seconds .

========================================================================
Received Import Request.
  Time since last request: 0.000290 seconds.
  path: Assets/kenny_pixelplatform/SampleB.png
  artifactKey: Guid(9a84036eb3cfca84ba2e4029a5c38fe0) Importer(815301076,1909f56bfc062723c751e8b465ee728b)
Start importing Assets/kenny_pixelplatform/SampleB.png using Guid(9a84036eb3cfca84ba2e4029a5c38fe0) Importer(815301076,1909f56bfc062723c751e8b465ee728b)  -> (artifact id: '933f1649451b705b047fcc3fe4ed1438') in 0.049356 seconds 
  Import took 0.059312 seconds .

========================================================================
Received Import Request.
  Time since last request: 0.000524 seconds.
  path: Assets/kenny_pixelplatform/SampleA.png
  artifactKey: Guid(23533b341de62824888c51b49b9c813b) Importer(815301076,1909f56bfc062723c751e8b465ee728b)
Start importing Assets/kenny_pixelplatform/SampleA.png using Guid(23533b341de62824888c51b49b9c813b) Importer(815301076,1909f56bfc062723c751e8b465ee728b)  -> (artifact id: 'ae4f73762cb5e4ed37a61645c2ddfdd8') in 0.059811 seconds 
  Import took 0.068774 seconds .

========================================================================
Received Prepare
Refreshing native plugins compatible for Editor in 28.47 ms, found 3 plugins.
Preloading 0 native plugins for Editor in 0.00 ms.
Unloading 16 Unused Serialized files (Serialized files now loaded: 0)
System memory in use before: 61.5 MB.
System memory in use after: 61.7 MB.

Unloading 15 unused Assets to reduce memory usage. Loaded Objects now: 2959.
Total: 9.608600 ms (FindLiveObjects: 0.318100 ms CreateObjectMapping: 0.221600 ms MarkObjects: 9.043200 ms  DeleteObjects: 0.023900 ms)

AssetImportParameters requested are different than current active one (requested -> active):
  custom:framework-win-MediaFoundation: 216162199b28c13a410421893ffa2e32 -> 
  custom:video-decoder-ogg-theora: a1e56fd34408186e4bbccfd4996cb3dc -> 
  custom:container-muxer-webm: aa71ff27fc2769a1b78a27578f13a17b -> 
  custom:container-demuxer-webm: 4f35f7cbe854078d1ac9338744f61a02 -> 
  custom:container-demuxer-ogg: 62fdf1f143b41e24485cea50d1cbac27 -> 
  custom:video-encoder-webm-vp8: eb34c28f22e8b96e1ab97ce403110664 -> 
  custom:video-decoder-webm-vp8: 9c59270c3fd7afecdb556c50c9e8de78 -> 
  custom:audio-decoder-ogg-vorbis: bf7c407c2cedff20999df2af8eb42d56 -> 
  custom:audio-encoder-webm-vorbis: bf7c407c2cedff20999df2af8eb42d56 -> 
========================================================================
Received Prepare
Registering precompiled user dll's ...
Registered in 0.011770 seconds.
Begin MonoManager ReloadAssembly
Native extension for Lumin target not found
Native extension for LinuxStandalone target not found
Native extension for WindowsStandalone target not found
Native extension for OSXStandalone target not found
Native extension for WebGL target not found
Refreshing native plugins compatible for Editor in 0.73 ms, found 3 plugins.
Preloading 0 native plugins for Editor in 0.00 ms.
Mono: successfully reloaded assembly
- Completed reload, in  1.750 seconds
Domain Reload Profiling:
	ReloadAssembly (1751ms)
		BeginReloadAssembly (249ms)
			ExecutionOrderSort (0ms)
			DisableScriptedObjects (10ms)
			BackupInstance (0ms)
			ReleaseScriptingObjects (0ms)
			CreateAndSetChildDomain (76ms)
		EndReloadAssembly (1380ms)
			LoadAssemblies (180ms)
			RebuildTransferFunctionScriptingTraits (0ms)
			SetupTypeCache (449ms)
			ReleaseScriptCaches (2ms)
			RebuildScriptCaches (77ms)
			SetupLoadedEditorAssemblies (551ms)
				LogAssemblyErrors (0ms)
				InitializePlatformSupportModulesInManaged (11ms)
				SetLoadedEditorAssemblies (1ms)
				RefreshPlugins (2ms)
				BeforeProcessingInitializeOnLoad (128ms)
				ProcessInitializeOnLoadAttributes (378ms)
				ProcessInitializeOnLoadMethodAttributes (18ms)
				AfterProcessingInitializeOnLoad (13ms)
				EditorAssembliesLoaded (0ms)
			ExecutionOrderSort2 (0ms)
			AwakeInstancesAfterBackupRestoration (15ms)
Platform modules already initialized, skipping
Refreshing native plugins compatible for Editor in 0.92 ms, found 3 plugins.
Preloading 0 native plugins for Editor in 0.00 ms.
Unloading 2491 Unused Serialized files (Serialized files now loaded: 0)
System memory in use before: 110.3 MB.
System memory in use after: 110.6 MB.

Unloading 18 unused Assets to reduce memory usage. Loaded Objects now: 2961.
Total: 7.504100 ms (FindLiveObjects: 0.336100 ms CreateObjectMapping: 0.232600 ms MarkObjects: 6.899400 ms  DeleteObjects: 0.034100 ms)

AssetImportParameters requested are different than current active one (requested -> active):
  custom:framework-win-MediaFoundation: 216162199b28c13a410421893ffa2e32 -> 
  custom:video-decoder-ogg-theora: a1e56fd34408186e4bbccfd4996cb3dc -> 
  custom:container-muxer-webm: aa71ff27fc2769a1b78a27578f13a17b -> 
  custom:container-demuxer-webm: 4f35f7cbe854078d1ac9338744f61a02 -> 
  custom:container-demuxer-ogg: 62fdf1f143b41e24485cea50d1cbac27 -> 
  custom:video-encoder-webm-vp8: eb34c28f22e8b96e1ab97ce403110664 -> 
  custom:video-decoder-webm-vp8: 9c59270c3fd7afecdb556c50c9e8de78 -> 
  custom:audio-decoder-ogg-vorbis: bf7c407c2cedff20999df2af8eb42d56 -> 
  custom:audio-encoder-webm-vorbis: bf7c407c2cedff20999df2af8eb42d56 -> 
========================================================================
Received Import Request.
  Time since last request: 232.136653 seconds.
  path: Assets/Tiles/tile_0007.png
  artifactKey: Guid(d563d9205effc32498d167a13371f627) Importer(815301076,1909f56bfc062723c751e8b465ee728b)
Start importing Assets/Tiles/tile_0007.png using Guid(d563d9205effc32498d167a13371f627) Importer(815301076,1909f56bfc062723c751e8b465ee728b)  -> (artifact id: '87572e4db8b67bd4c73cd0d3f627399b') in 0.104055 seconds 
  Import took 0.121827 seconds .

========================================================================
Received Import Request.
  Time since last request: 0.003174 seconds.
  path: Assets/Tiles/tile_0013.asset
  artifactKey: Guid(61133dc1ee46cf3438c1baf4a73fe404) Importer(815301076,1909f56bfc062723c751e8b465ee728b)
Start importing Assets/Tiles/tile_0013.asset using Guid(61133dc1ee46cf3438c1baf4a73fe404) Importer(815301076,1909f56bfc062723c751e8b465ee728b)  -> (artifact id: 'c126813bfa1ae30bce7f73e082177c74') in 0.044971 seconds 
  Import took 0.058274 seconds .

========================================================================
Received Import Request.
  Time since last request: 0.000256 seconds.
  path: Assets/Tiles/tile_0008.asset
  artifactKey: Guid(f58b64de5e4a23944a81a1d58e7601d8) Importer(815301076,1909f56bfc062723c751e8b465ee728b)
Start importing Assets/Tiles/tile_0008.asset using Guid(f58b64de5e4a23944a81a1d58e7601d8) Importer(815301076,1909f56bfc062723c751e8b465ee728b)  -> (artifact id: '1744be17e000bfe9d05114ee7e81477f') in 0.028778 seconds 
  Import took 0.038253 seconds .

========================================================================
Received Import Request.
  Time since last request: 0.000430 seconds.
  path: Assets/Tiles/tile_0011.png
  artifactKey: Guid(8617392e0006fab4691d9af1c9a58e7d) Importer(815301076,1909f56bfc062723c751e8b465ee728b)
Start importing Assets/Tiles/tile_0011.png using Guid(8617392e0006fab4691d9af1c9a58e7d) Importer(815301076,1909f56bfc062723c751e8b465ee728b)  -> (artifact id: 'fa139ee7cfac9e460a1c4a48a2c14aca') in 0.029367 seconds 
  Import took 0.036460 seconds .

========================================================================
Received Import Request.
  Time since last request: 0.000215 seconds.
  path: Assets/Tiles/tile_0012.png
  artifactKey: Guid(88a2e38d4e3925e40a5e6c25df2814bd) Importer(815301076,1909f56bfc062723c751e8b465ee728b)
Start importing Assets/Tiles/tile_0012.png using Guid(88a2e38d4e3925e40a5e6c25df2814bd) Importer(815301076,1909f56bfc062723c751e8b465ee728b)  -> (artifact id: 'a5ef1e8b418f99d339d56248306a7d06') in 0.035034 seconds 
  Import took 0.043300 seconds .

========================================================================
Received Import Request.
  Time since last request: 0.000202 seconds.
  path: Assets/Tiles/tile_0013.png
  artifactKey: Guid(7599e34dae0405c439bdbe3e6c338573) Importer(815301076,1909f56bfc062723c751e8b465ee728b)
Start importing Assets/Tiles/tile_0013.png using Guid(7599e34dae0405c439bdbe3e6c338573) Importer(815301076,1909f56bfc062723c751e8b465ee728b)  -> (artifact id: 'dcebab4746ca0e13f64d341d262df7d3') in 0.029757 seconds 
  Import took 0.036408 seconds .

========================================================================
Received Import Request.
  Time since last request: 0.000526 seconds.
  path: Assets/Tiles/tile_0008.png
  artifactKey: Guid(fd813314b34f73243b7de9c29bd1609e) Importer(815301076,1909f56bfc062723c751e8b465ee728b)
Start importing Assets/Tiles/tile_0008.png using Guid(fd813314b34f73243b7de9c29bd1609e) Importer(815301076,1909f56bfc062723c751e8b465ee728b)  -> (artifact id: 'fd4033361a5b56b6c3a363f783a4bcb2') in 0.032472 seconds 
  Import took 0.037892 seconds .

========================================================================
Received Import Request.
  Time since last request: 0.000566 seconds.
  path: Assets/Tiles/tile_0010.asset
  artifactKey: Guid(d1bcfec34c4e4184f82556c7ea011cfd) Importer(815301076,1909f56bfc062723c751e8b465ee728b)
Start importing Assets/Tiles/tile_0010.asset using Guid(d1bcfec34c4e4184f82556c7ea011cfd) Importer(815301076,1909f56bfc062723c751e8b465ee728b)  -> (artifact id: '45602e9ec400500457b995417952ad22') in 0.031144 seconds 
  Import took 0.037237 seconds .

========================================================================
Received Import Request.
  Time since last request: 0.001973 seconds.
  path: Assets/Tiles/tile_0009.asset
  artifactKey: Guid(cf5e96f8666ee064c80f35fe95b4b3f9) Importer(815301076,1909f56bfc062723c751e8b465ee728b)
Start importing Assets/Tiles/tile_0009.asset using Guid(cf5e96f8666ee064c80f35fe95b4b3f9) Importer(815301076,1909f56bfc062723c751e8b465ee728b)  -> (artifact id: '938c88372264b9e72b8d4abbc6f1f153') in 0.031772 seconds 
  Import took 0.038355 seconds .

========================================================================
Received Import Request.
  Time since last request: 0.000384 seconds.
  path: Assets/Tiles/tile_0009.png
  artifactKey: Guid(2e634e442ef51f84ba7b910cf1faa75f) Importer(815301076,1909f56bfc062723c751e8b465ee728b)
Start importing Assets/Tiles/tile_0009.png using Guid(2e634e442ef51f84ba7b910cf1faa75f) Importer(815301076,1909f56bfc062723c751e8b465ee728b)  -> (artifact id: 'b98b5abec368e8f7b3811a0930936641') in 0.029715 seconds 
  Import took 0.036286 seconds .

========================================================================
Received Import Request.
  Time since last request: 0.000802 seconds.
  path: Assets/Tiles/tile_0011.asset
  artifactKey: Guid(cc117537986fd8e41957087e0c878562) Importer(815301076,1909f56bfc062723c751e8b465ee728b)
Start importing Assets/Tiles/tile_0011.asset using Guid(cc117537986fd8e41957087e0c878562) Importer(815301076,1909f56bfc062723c751e8b465ee728b)  -> (artifact id: '99777bafdc7dcadd9b78cb9a4cc76997') in 0.025825 seconds 
  Import took 0.031074 seconds .

========================================================================
Received Import Request.
  Time since last request: 0.000183 seconds.
  path: Assets/Tiles/tile_0012.asset
  artifactKey: Guid(f2aa73974f0163b45a353168ce3fc010) Importer(815301076,1909f56bfc062723c751e8b465ee728b)
Start importing Assets/Tiles/tile_0012.asset using Guid(f2aa73974f0163b45a353168ce3fc010) Importer(815301076,1909f56bfc062723c751e8b465ee728b)  -> (artifact id: 'f43536c551e404a2d3429d77ab9ccd2e') in 0.032672 seconds 
  Import took 0.040318 seconds .

========================================================================
Received Import Request.
  Time since last request: 0.000235 seconds.
  path: Assets/Tiles/tile_0010.png
  artifactKey: Guid(9f853765810130b4d85faeea62bf687a) Importer(815301076,1909f56bfc062723c751e8b465ee728b)
Start importing Assets/Tiles/tile_0010.png using Guid(9f853765810130b4d85faeea62bf687a) Importer(815301076,1909f56bfc062723c751e8b465ee728b)  -> (artifact id: 'b696bd1290d87f15138008b9ba3de4c1') in 0.036285 seconds 
  Import took 0.041884 seconds .

========================================================================
Received Import Request.
  Time since last request: 1.097694 seconds.
  path: Assets/Tiles/tile_0014.asset
  artifactKey: Guid(c7ef505eb261f6546a70455765fa1e85) Importer(815301076,1909f56bfc062723c751e8b465ee728b)
Start importing Assets/Tiles/tile_0014.asset using Guid(c7ef505eb261f6546a70455765fa1e85) Importer(815301076,1909f56bfc062723c751e8b465ee728b)  -> (artifact id: '8f19c08ec1cf408370590a111df541e1') in 0.020372 seconds 
  Import took 0.027072 seconds .

========================================================================
Received Import Request.
  Time since last request: 0.000241 seconds.
  path: Assets/Tiles/tile_0015.asset
  artifactKey: Guid(a23a46462572e81479312e28c240ce3d) Importer(815301076,1909f56bfc062723c751e8b465ee728b)
Start importing Assets/Tiles/tile_0015.asset using Guid(a23a46462572e81479312e28c240ce3d) Importer(815301076,1909f56bfc062723c751e8b465ee728b)  -> (artifact id: 'b88ce1a64a309ec1105a4953886f79eb') in 0.028939 seconds 
  Import took 0.036604 seconds .

========================================================================
Received Import Request.
  Time since last request: 0.000181 seconds.
  path: Assets/Tiles/tile_0016.asset
  artifactKey: Guid(5426d086ed7beb84cbf2d0cb87f23e65) Importer(815301076,1909f56bfc062723c751e8b465ee728b)
Start importing Assets/Tiles/tile_0016.asset using Guid(5426d086ed7beb84cbf2d0cb87f23e65) Importer(815301076,1909f56bfc062723c751e8b465ee728b)  -> (artifact id: '7328c6ca2b57941a5ee680e6daf4d9dd') in 0.033148 seconds 
  Import took 0.042639 seconds .

========================================================================
Received Import Request.
  Time since last request: 0.001305 seconds.
  path: Assets/Tiles/tile_0015.png
  artifactKey: Guid(db330b8de76a47947954f25d7f69dce5) Importer(815301076,1909f56bfc062723c751e8b465ee728b)
Start importing Assets/Tiles/tile_0015.png using Guid(db330b8de76a47947954f25d7f69dce5) Importer(815301076,1909f56bfc062723c751e8b465ee728b)  -> (artifact id: 'f28729720d6548a8de842a98706b8761') in 0.033646 seconds 
  Import took 0.041357 seconds .

========================================================================
Received Import Request.
  Time since last request: 0.000191 seconds.
  path: Assets/Tiles/tile_0016.png
  artifactKey: Guid(ffa7d36f0ab6caf4bb143c26bf2957c5) Importer(815301076,1909f56bfc062723c751e8b465ee728b)
Start importing Assets/Tiles/tile_0016.png using Guid(ffa7d36f0ab6caf4bb143c26bf2957c5) Importer(815301076,1909f56bfc062723c751e8b465ee728b)  -> (artifact id: '9a2dbfd09195cbb67327465a55f119cd') in 0.034337 seconds 
  Import took 0.042204 seconds .

========================================================================
Received Import Request.
  Time since last request: 0.000225 seconds.
  path: Assets/Tiles/tile_0014.png
  artifactKey: Guid(0ae47c09b87b22d4aaadf1668dd9df17) Importer(815301076,1909f56bfc062723c751e8b465ee728b)
Start importing Assets/Tiles/tile_0014.png using Guid(0ae47c09b87b22d4aaadf1668dd9df17) Importer(815301076,1909f56bfc062723c751e8b465ee728b)  -> (artifact id: '6d9a89d9c8c69c05241b96474ae3df0a') in 0.035926 seconds 
  Import took 0.041395 seconds .

========================================================================
Received Import Request.
  Time since last request: 5.035875 seconds.
  path: Assets/Wizard - 2D Character/Wizard.prefab
  artifactKey: Guid(ebea5f8b8163f9a4ab9d9a1b45444e28) Importer(815301076,1909f56bfc062723c751e8b465ee728b)
Start importing Assets/Wizard - 2D Character/Wizard.prefab using Guid(ebea5f8b8163f9a4ab9d9a1b45444e28) Importer(815301076,1909f56bfc062723c751e8b465ee728b)  -> (artifact id: 'ed3d3ff34e9c7bc90b0156a69a31c5b0') in 0.095161 seconds 
  Import took 0.101752 seconds .

AssetImportWorkerClient::OnTransportError - code=2 error=End of file
